
==========================================================================
finish report_tns
--------------------------------------------------------------------------
tns max 0.00

==========================================================================
finish report_wns
--------------------------------------------------------------------------
wns max 0.00

==========================================================================
finish report_worst_slack
--------------------------------------------------------------------------
worst slack max 83.78

==========================================================================
finish report_clock_min_period
--------------------------------------------------------------------------
clk period_min = 3416.22 fmax = 292.72

==========================================================================
finish report_clock_skew
--------------------------------------------------------------------------
Clock clk
  76.96 source latency prod_reg[3][26]$_SDFFE_PN0P_/CLK ^
 -63.76 target latency acc[3][20]$_SDFFE_PN0P_/CLK ^
 175.00 clock uncertainty
  -1.00 CRPR
--------------
 187.20 setup skew


==========================================================================
finish report_checks -path_delay min
--------------------------------------------------------------------------
Startpoint: c_data[39]$_SDFFE_PN0P_
            (rising edge-triggered flip-flop clocked by clk)
Endpoint: c_data[39]$_SDFFE_PN0P_
          (rising edge-triggered flip-flop clocked by clk)
Path Group: clk
Path Type: min

Fanout     Cap    Slew   Delay    Time   Description
-----------------------------------------------------------------------------
                          0.00    0.00   clock clk (rise edge)
                          0.00    0.00   clock source latency
     1    8.09    0.00    0.00    0.00 ^ clk (in)
                                         clk (net)
                  9.00    2.84    2.84 ^ clkbuf_0_clk/A (BUFx16f_ASAP7_75t_R)
     2    7.15    7.83   14.80   17.64 ^ clkbuf_0_clk/Y (BUFx16f_ASAP7_75t_R)
                                         clknet_0_clk (net)
                  8.44    1.10   18.73 ^ clkbuf_1_1__f_clk/A (BUFx16f_ASAP7_75t_R)
     9   34.31   22.50   19.01   37.74 ^ clkbuf_1_1__f_clk/Y (BUFx16f_ASAP7_75t_R)
                                         clknet_1_1__leaf_clk (net)
                 30.39    6.98   44.72 ^ clkbuf_leaf_13_clk/A (BUFx24_ASAP7_75t_R)
    18   11.47   10.94   24.53   69.25 ^ clkbuf_leaf_13_clk/Y (BUFx24_ASAP7_75t_R)
                                         clknet_leaf_13_clk (net)
                 11.43    1.02   70.27 ^ c_data[39]$_SDFFE_PN0P_/CLK (DFFHQNx1_ASAP7_75t_R)
     2    1.61   18.33   39.59  109.86 ^ c_data[39]$_SDFFE_PN0P_/QN (DFFHQNx1_ASAP7_75t_R)
                                         _00228_ (net)
                 18.34    0.13  109.98 ^ _31877_/A1 (OAI22x1_ASAP7_75t_R)
     1    0.60    6.80    8.05  118.03 v _31877_/Y (OAI22x1_ASAP7_75t_R)
                                         _04993_ (net)
                  6.80    0.05  118.08 v c_data[39]$_SDFFE_PN0P_/D (DFFHQNx1_ASAP7_75t_R)
                                118.08   data arrival time

                          0.00    0.00   clock clk (rise edge)
                          0.00    0.00   clock source latency
     1    8.75    0.00    0.00    0.00 ^ clk (in)
                                         clk (net)
                 10.26    3.24    3.24 ^ clkbuf_0_clk/A (BUFx16f_ASAP7_75t_R)
     2    8.47    8.60   15.40   18.63 ^ clkbuf_0_clk/Y (BUFx16f_ASAP7_75t_R)
                                         clknet_0_clk (net)
                  9.41    1.34   19.97 ^ clkbuf_1_1__f_clk/A (BUFx16f_ASAP7_75t_R)
     9   43.66   27.58   20.74   40.71 ^ clkbuf_1_1__f_clk/Y (BUFx16f_ASAP7_75t_R)
                                         clknet_1_1__leaf_clk (net)
                 36.95    8.44   49.15 ^ clkbuf_leaf_13_clk/A (BUFx24_ASAP7_75t_R)
    18   13.67   12.22   26.50   75.65 ^ clkbuf_leaf_13_clk/Y (BUFx24_ASAP7_75t_R)
                                         clknet_leaf_13_clk (net)
                 12.74    1.22   76.88 ^ c_data[39]$_SDFFE_PN0P_/CLK (DFFHQNx1_ASAP7_75t_R)
                          5.00   81.88   clock uncertainty
                         -6.60   75.27   clock reconvergence pessimism
                         11.72   86.99   library hold time
                                 86.99   data required time
-----------------------------------------------------------------------------
                                 86.99   data required time
                               -118.08   data arrival time
-----------------------------------------------------------------------------
                                 31.09   slack (MET)



==========================================================================
finish report_checks -path_delay max
--------------------------------------------------------------------------
Startpoint: prod_reg[2][28]$_SDFFE_PN0P_
            (rising edge-triggered flip-flop clocked by clk)
Endpoint: c_data[42]$_SDFFE_PN0P_
          (rising edge-triggered flip-flop clocked by clk)
Path Group: clk
Path Type: max

Fanout     Cap    Slew   Delay    Time   Description
-----------------------------------------------------------------------------
                          0.00    0.00   clock clk (rise edge)
                          0.00    0.00   clock source latency
     1    8.75    0.00    0.00    0.00 ^ clk (in)
                                         clk (net)
                 10.26    3.24    3.24 ^ clkbuf_0_clk/A (BUFx16f_ASAP7_75t_R)
     2    8.47    8.60   15.40   18.63 ^ clkbuf_0_clk/Y (BUFx16f_ASAP7_75t_R)
                                         clknet_0_clk (net)
                  9.60    1.50   20.14 ^ clkbuf_1_0__f_clk/A (BUFx16f_ASAP7_75t_R)
    13   47.60   29.43   20.58   40.72 ^ clkbuf_1_0__f_clk/Y (BUFx16f_ASAP7_75t_R)
                                         clknet_1_0__leaf_clk (net)
                 36.90    7.63   48.35 ^ clkbuf_leaf_16_clk/A (BUFx24_ASAP7_75t_R)
    17   13.48   11.92   26.25   74.60 ^ clkbuf_leaf_16_clk/Y (BUFx24_ASAP7_75t_R)
                                         clknet_leaf_16_clk (net)
                 14.89    3.04   77.64 ^ prod_reg[2][28]$_SDFFE_PN0P_/CLK (DFFHQNx1_ASAP7_75t_R)
     5    5.24   40.83   52.28  129.92 ^ prod_reg[2][28]$_SDFFE_PN0P_/QN (DFFHQNx1_ASAP7_75t_R)
                                         _00389_ (net)
                 40.96    1.32  131.24 ^ _19140_/B (AND4x1_ASAP7_75t_R)
     1    0.71   10.73   26.36  157.59 ^ _19140_/Y (AND4x1_ASAP7_75t_R)
                                         _14383_ (net)
                 10.73    0.11  157.70 ^ _19141_/E (AND5x1_ASAP7_75t_R)
    11   12.61   86.07   60.53  218.23 ^ _19141_/Y (AND5x1_ASAP7_75t_R)
                                         _14384_ (net)
                 86.12    1.13  219.37 ^ _19921_/B (NOR2x1_ASAP7_75t_R)
     3    2.97   33.25   26.60  245.97 v _19921_/Y (NOR2x1_ASAP7_75t_R)
                                         _03143_ (net)
                 33.28    0.51  246.48 v _29619_/A (INVx1_ASAP7_75t_R)
     1    1.00   14.13   11.95  258.42 ^ _29619_/Y (INVx1_ASAP7_75t_R)
                                         _03145_ (net)
                 14.13    0.05  258.47 ^ _35028_/B (HAxp5_ASAP7_75t_R)
     2    1.96   36.57   35.52  294.00 v _35028_/SN (HAxp5_ASAP7_75t_R)
                                         _00044_ (net)
                 36.57    0.17  294.17 v _18850_/A (OR4x1_ASAP7_75t_R)
     2    1.84   17.40   33.68  327.85 v _18850_/Y (OR4x1_ASAP7_75t_R)
                                         _14094_ (net)
                 17.40    0.15  328.00 v _18866_/A (NOR2x1_ASAP7_75t_R)
     2    2.19   19.66   13.38  341.37 ^ _18866_/Y (NOR2x1_ASAP7_75t_R)
                                         _14110_ (net)
                 19.73    0.67  342.04 ^ _18873_/B (AND5x1_ASAP7_75t_R)
     1    1.40   16.23   31.29  373.33 ^ _18873_/Y (AND5x1_ASAP7_75t_R)
                                         _14117_ (net)
                 16.24    0.27  373.60 ^ _18881_/B (OA211x2_ASAP7_75t_R)
     2    3.32   16.69   25.52  399.12 ^ _18881_/Y (OA211x2_ASAP7_75t_R)
                                         _14125_ (net)
                 16.95    1.13  400.25 ^ _18890_/B (AOI211x1_ASAP7_75t_R)
    19   18.97  189.35   48.23  448.48 v _18890_/Y (AOI211x1_ASAP7_75t_R)
                                         _14134_ (net)
                189.50    3.11  451.59 v place690/A (BUFx3_ASAP7_75t_R)
    20   15.48   34.92   51.63  503.22 v place690/Y (BUFx3_ASAP7_75t_R)
                                         net689 (net)
                 37.38    4.93  508.15 v _19246_/A (OR5x1_ASAP7_75t_R)
     8    8.55   54.01   55.41  563.56 v _19246_/Y (OR5x1_ASAP7_75t_R)
                                         _14487_ (net)
                 54.16    1.68  565.23 v _19255_/B1 (AO22x2_ASAP7_75t_R)
    13   14.33   44.44   47.03  612.27 v _19255_/Y (AO22x2_ASAP7_75t_R)
                                         _14496_ (net)
                 44.73    2.13  614.39 v _19803_/C (OA211x2_ASAP7_75t_R)
     2    2.91   15.80   43.10  657.49 v _19803_/Y (OA211x2_ASAP7_75t_R)
                                         _15043_ (net)
                 16.03    1.02  658.51 v _19847_/A1 (AO21x1_ASAP7_75t_R)
     4    4.99   29.11   28.17  686.69 v _19847_/Y (AO21x1_ASAP7_75t_R)
                                         _15087_ (net)
                 29.15    0.64  687.33 v _19870_/B (AOI211x1_ASAP7_75t_R)
     2    1.50   28.18   17.24  704.56 ^ _19870_/Y (AOI211x1_ASAP7_75t_R)
                                         _15110_ (net)
                 28.18    0.09  704.66 ^ _20183_/C (AND3x1_ASAP7_75t_R)
     4    5.00   35.46   32.34  737.00 ^ _20183_/Y (AND3x1_ASAP7_75t_R)
                                         _15394_ (net)
                 35.52    0.84  737.83 ^ _32708_/B (AND3x1_ASAP7_75t_R)
     3    3.70   27.40   31.02  768.86 ^ _32708_/Y (AND3x1_ASAP7_75t_R)
                                         _12523_ (net)
                 27.41    0.47  769.33 ^ _32709_/C (NAND3x1_ASAP7_75t_R)
     3    2.14   21.98   12.27  781.60 v _32709_/Y (NAND3x1_ASAP7_75t_R)
                                         _12524_ (net)
                 21.98    0.20  781.80 v _32762_/A (OR2x2_ASAP7_75t_R)
     3    2.53   11.12   22.11  803.91 v _32762_/Y (OR2x2_ASAP7_75t_R)
                                         _12569_ (net)
                 11.14    0.29  804.20 v _32765_/A2 (OA31x2_ASAP7_75t_R)
     1    1.29   11.25   17.98  822.17 v _32765_/Y (OA31x2_ASAP7_75t_R)
                                         _12572_ (net)
                 11.26    0.15  822.33 v _32766_/B (XOR2x2_ASAP7_75t_R)
     1    1.77   10.15   26.23  848.56 ^ _32766_/Y (XOR2x2_ASAP7_75t_R)
                                         _03425_ (net)
                 10.21    0.40  848.96 ^ _34702_/B (HAxp5_ASAP7_75t_R)
     5    4.04   71.50   55.73  904.69 v _34702_/SN (HAxp5_ASAP7_75t_R)
                                         _03427_ (net)
                 71.51    0.24  904.92 v _18915_/A2 (AO21x1_ASAP7_75t_R)
     1    0.48    7.62   24.60  929.52 v _18915_/Y (AO21x1_ASAP7_75t_R)
                                         _14159_ (net)
                  7.62    0.04  929.56 v _18916_/B1 (AO22x1_ASAP7_75t_R)
     2    1.68   13.13   21.59  951.15 v _18916_/Y (AO22x1_ASAP7_75t_R)
                                         _14160_ (net)
                 13.13    0.18  951.33 v _18917_/D (OR4x1_ASAP7_75t_R)
     1    0.82   11.60   27.13  978.46 v _18917_/Y (OR4x1_ASAP7_75t_R)
                                         _14161_ (net)
                 11.60    0.07  978.53 v _18920_/A2 (OA21x2_ASAP7_75t_R)
     2    1.86    9.26   19.42  997.95 v _18920_/Y (OA21x2_ASAP7_75t_R)
                                         _14164_ (net)
                  9.27    0.17  998.12 v _18923_/A1 (OA211x2_ASAP7_75t_R)
     2    1.93   12.55   24.12 1022.24 v _18923_/Y (OA211x2_ASAP7_75t_R)
                                         _14167_ (net)
                 12.55    0.16 1022.39 v _18924_/A2 (OA21x2_ASAP7_75t_R)
     1    0.90    7.78   18.12 1040.52 v _18924_/Y (OA21x2_ASAP7_75t_R)
                                         _14168_ (net)
                  7.78    0.11 1040.63 v _18925_/A2 (OA21x2_ASAP7_75t_R)
    10    8.70   28.48   27.47 1068.10 v _18925_/Y (OA21x2_ASAP7_75t_R)
                                         _14169_ (net)
                 28.51    0.47 1068.57 v _20187_/A (NAND2x1_ASAP7_75t_R)
     4    3.85   37.31   24.01 1092.58 ^ _20187_/Y (NAND2x1_ASAP7_75t_R)
                                         _15398_ (net)
                 37.31    0.15 1092.74 ^ _20197_/B (AO21x1_ASAP7_75t_R)
    12   14.74   96.27   51.38 1144.11 ^ _20197_/Y (AO21x1_ASAP7_75t_R)
                                         _15408_ (net)
                 96.29    0.85 1144.96 ^ _20198_/C (AND3x1_ASAP7_75t_R)
     3    2.93   23.15   31.55 1176.51 ^ _20198_/Y (AND3x1_ASAP7_75t_R)
                                         _15409_ (net)
                 23.15    0.14 1176.65 ^ _20202_/B (AND2x2_ASAP7_75t_R)
     1    0.67    6.53   17.88 1194.53 ^ _20202_/Y (AND2x2_ASAP7_75t_R)
                                         _15413_ (net)
                  6.53    0.05 1194.58 ^ _20203_/B (AO21x1_ASAP7_75t_R)
     3    4.93   33.75   21.79 1216.38 ^ _20203_/Y (AO21x1_ASAP7_75t_R)
                                         _01500_ (net)
                 33.78    0.58 1216.96 ^ _34652_/B (HAxp5_ASAP7_75t_R)
     3    2.72   37.16   25.30 1242.26 v _34652_/CON (HAxp5_ASAP7_75t_R)
                                         _00037_ (net)
                 37.17    0.30 1242.56 v _19939_/A (INVx1_ASAP7_75t_R)
     4    4.20   33.79   24.60 1267.16 ^ _19939_/Y (INVx1_ASAP7_75t_R)
                                         _15176_ (net)
                 33.81    0.49 1267.65 ^ _19940_/A (AND3x1_ASAP7_75t_R)
     2    1.20   13.36   23.90 1291.54 ^ _19940_/Y (AND3x1_ASAP7_75t_R)
                                         _15177_ (net)
                 13.36    0.13 1291.67 ^ _20250_/B (AND2x2_ASAP7_75t_R)
     1    0.49    6.53   15.25 1306.92 ^ _20250_/Y (AND2x2_ASAP7_75t_R)
                                         _15451_ (net)
                  6.53    0.04 1306.95 ^ _20251_/B (OA211x2_ASAP7_75t_R)
     2    2.32   13.13   21.89 1328.84 ^ _20251_/Y (OA211x2_ASAP7_75t_R)
                                         _15452_ (net)
                 13.16    0.34 1329.18 ^ _23288_/B (AO21x1_ASAP7_75t_R)
     5    5.22   35.67   24.20 1353.38 ^ _23288_/Y (AO21x1_ASAP7_75t_R)
                                         _05352_ (net)
                 35.73    0.82 1354.20 ^ _23290_/A (AND3x1_ASAP7_75t_R)
     1    0.95   10.84   23.36 1377.56 ^ _23290_/Y (AND3x1_ASAP7_75t_R)
                                         _03578_ (net)
                 10.84    0.04 1377.59 ^ _34765_/B (HAxp5_ASAP7_75t_R)
     3    3.18   37.86   20.54 1398.13 v _34765_/CON (HAxp5_ASAP7_75t_R)
                                         _03827_ (net)
     2    1.65   26.62   16.88 1415.01 ^ _34765_/SN (HAxp5_ASAP7_75t_R)
                                         _00017_ (net)
                 26.62    0.13 1415.14 ^ _28355_/A (INVx1_ASAP7_75t_R)
     2    1.87   15.86   12.45 1427.58 v _28355_/Y (INVx1_ASAP7_75t_R)
                                         _03579_ (net)
                 15.86    0.17 1427.75 v _34997_/B (HAxp5_ASAP7_75t_R)
     2    1.53   29.38   31.57 1459.32 v _34997_/SN (HAxp5_ASAP7_75t_R)
                                         _04247_ (net)
                 29.38    0.13 1459.45 v _19967_/C (OR5x1_ASAP7_75t_R)
     1    0.69   11.14   33.87 1493.32 v _19967_/Y (OR5x1_ASAP7_75t_R)
                                         _15203_ (net)
                 11.14    0.06 1493.38 v _19968_/D (OR4x1_ASAP7_75t_R)
     1    1.74   15.84   30.17 1523.55 v _19968_/Y (OR4x1_ASAP7_75t_R)
                                         _15204_ (net)
                 15.86    0.31 1523.85 v _19969_/B (OAI21x1_ASAP7_75t_R)
     1    0.68   12.85    6.69 1530.55 ^ _19969_/Y (OAI21x1_ASAP7_75t_R)
                                         _15205_ (net)
                 12.85    0.05 1530.60 ^ _19970_/B (AO21x1_ASAP7_75t_R)
     3    2.36   17.52   16.90 1547.50 ^ _19970_/Y (AO21x1_ASAP7_75t_R)
                                         _15206_ (net)
                 17.54    0.36 1547.86 ^ _19971_/A (INVx1_ASAP7_75t_R)
    12   11.00   60.42   31.16 1579.02 v _19971_/Y (INVx1_ASAP7_75t_R)
                                         _15207_ (net)
                 60.63    2.07 1581.09 v _23382_/B (AND2x2_ASAP7_75t_R)
    15   15.62   47.06   43.19 1624.28 v _23382_/Y (AND2x2_ASAP7_75t_R)
                                         _05433_ (net)
                 47.37    2.22 1626.51 v _23463_/A2 (AOI21x1_ASAP7_75t_R)
    12    9.92   69.44   39.70 1666.21 ^ _23463_/Y (AOI21x1_ASAP7_75t_R)
                                         _05510_ (net)
                 69.58    1.83 1668.03 ^ _23575_/D (OR5x1_ASAP7_75t_R)
     2    1.41   12.90   29.71 1697.74 ^ _23575_/Y (OR5x1_ASAP7_75t_R)
                                         _05622_ (net)
                 12.90    0.09 1697.83 ^ _23589_/A (AND2x2_ASAP7_75t_R)
     6    6.68   25.25   23.84 1721.67 ^ _23589_/Y (AND2x2_ASAP7_75t_R)
                                         _05636_ (net)
                 25.39    1.07 1722.74 ^ _23590_/A (INVx1_ASAP7_75t_R)
    11   10.57   58.67   33.03 1755.77 v _23590_/Y (INVx1_ASAP7_75t_R)
                                         _05637_ (net)
                 58.81    1.65 1757.42 v _23661_/A (AND2x2_ASAP7_75t_R)
     1    0.56    8.33   27.09 1784.51 v _23661_/Y (AND2x2_ASAP7_75t_R)
                                         _05703_ (net)
                  8.33    0.02 1784.54 v _23665_/B2 (AO221x1_ASAP7_75t_R)
     2    1.68   13.77   23.62 1808.16 v _23665_/Y (AO221x1_ASAP7_75t_R)
                                         _05707_ (net)
                 13.78    0.16 1808.32 v _23666_/A (INVx1_ASAP7_75t_R)
     2    1.29   11.50    9.27 1817.59 ^ _23666_/Y (INVx1_ASAP7_75t_R)
                                         _05708_ (net)
                 11.51    0.13 1817.72 ^ _23667_/C (AND3x1_ASAP7_75t_R)
     6    5.35   37.77   31.40 1849.12 ^ _23667_/Y (AND3x1_ASAP7_75t_R)
                                         _05709_ (net)
                 37.81    0.83 1849.95 ^ _33518_/A1 (OA211x2_ASAP7_75t_R)
     1    1.29   10.07   27.18 1877.13 ^ _33518_/Y (OA211x2_ASAP7_75t_R)
                                         _00035_ (net)
                 10.07    0.08 1877.21 ^ _35092_/A (HAxp5_ASAP7_75t_R)
     2    2.45   30.64   16.82 1894.03 v _35092_/CON (HAxp5_ASAP7_75t_R)
                                         _04453_ (net)
                 30.64    0.17 1894.20 v _24362_/A (INVx1_ASAP7_75t_R)
     2    1.74   18.16   14.68 1908.88 ^ _24362_/Y (INVx1_ASAP7_75t_R)
                                         _02894_ (net)
                 18.16    0.06 1908.94 ^ _34541_/B (HAxp5_ASAP7_75t_R)
     3    3.33   39.35   23.35 1932.29 v _34541_/CON (HAxp5_ASAP7_75t_R)
                                         _02895_ (net)
                 39.37    0.46 1932.75 v _23959_/B (AO21x1_ASAP7_75t_R)
     3    2.77   17.84   27.12 1959.87 v _23959_/Y (AO21x1_ASAP7_75t_R)
                                         _06000_ (net)
                 17.85    0.13 1960.00 v _24022_/C (OR3x1_ASAP7_75t_R)
     1    0.74    9.22   22.00 1981.99 v _24022_/Y (OR3x1_ASAP7_75t_R)
                                         _06062_ (net)
                  9.22    0.08 1982.07 v _24023_/E (OR5x1_ASAP7_75t_R)
     1    1.01   13.65   33.44 2015.51 v _24023_/Y (OR5x1_ASAP7_75t_R)
                                         _06063_ (net)
                 13.66    0.14 2015.65 v _24026_/C (OR5x1_ASAP7_75t_R)
     1    1.32   14.95   33.86 2049.51 v _24026_/Y (OR5x1_ASAP7_75t_R)
                                         _06066_ (net)
                 14.97    0.29 2049.79 v _24027_/E (OR5x1_ASAP7_75t_R)
     6    6.23   40.93   50.41 2100.21 v _24027_/Y (OR5x1_ASAP7_75t_R)
                                         _06067_ (net)
                 41.04    1.20 2101.41 v _24105_/A1 (AOI21x1_ASAP7_75t_R)
     3    2.27   22.66   17.52 2118.93 ^ _24105_/Y (AOI21x1_ASAP7_75t_R)
                                         _06145_ (net)
                 22.66    0.17 2119.11 ^ _24130_/B (OR4x1_ASAP7_75t_R)
     2    1.35   10.83   16.47 2135.58 ^ _24130_/Y (OR4x1_ASAP7_75t_R)
                                         _06170_ (net)
                 10.83    0.06 2135.63 ^ _24323_/A1 (AO21x1_ASAP7_75t_R)
     4    2.75   19.72   19.19 2154.83 ^ _24323_/Y (AO21x1_ASAP7_75t_R)
                                         _06362_ (net)
                 19.73    0.20 2155.03 ^ _25814_/A (INVx1_ASAP7_75t_R)
     2    1.74   13.68   10.89 2165.92 v _25814_/Y (INVx1_ASAP7_75t_R)
                                         _07713_ (net)
                 13.69    0.22 2166.14 v _28149_/B (AO21x1_ASAP7_75t_R)
     1    1.13    9.40   18.09 2184.24 v _28149_/Y (AO21x1_ASAP7_75t_R)
                                         _09417_ (net)
                  9.41    0.09 2184.32 v _28150_/A2 (AOI21x1_ASAP7_75t_R)
     5    6.50   51.48   22.78 2207.10 ^ _28150_/Y (AOI21x1_ASAP7_75t_R)
                                         _02759_ (net)
                 51.63    1.63 2208.74 ^ _28426_/A (INVx1_ASAP7_75t_R)
     3    3.09   26.87   20.85 2229.59 v _28426_/Y (INVx1_ASAP7_75t_R)
                                         acc_next[2][24] (net)
                 26.87    0.08 2229.67 v _35120_/A (HAxp5_ASAP7_75t_R)
     2    1.48   25.56   19.87 2249.53 ^ _35120_/CON (HAxp5_ASAP7_75t_R)
                                         _00156_ (net)
                 25.56    0.09 2249.62 ^ _24035_/A (INVx1_ASAP7_75t_R)
    11   10.51   59.31   32.24 2281.87 v _24035_/Y (INVx1_ASAP7_75t_R)
                                         _06075_ (net)
                 59.81    3.11 2284.98 v _24041_/A (AND3x1_ASAP7_75t_R)
     2    1.93   13.22   22.98 2307.96 v _24041_/Y (AND3x1_ASAP7_75t_R)
                                         _06081_ (net)
                 13.24    0.23 2308.19 v _24056_/A1 (OAI22x1_ASAP7_75t_R)
     1    0.77   19.60    9.16 2317.35 ^ _24056_/Y (OAI22x1_ASAP7_75t_R)
                                         _06096_ (net)
                 19.60    0.07 2317.42 ^ _24097_/A2 (AO21x1_ASAP7_75t_R)
     4    4.08   28.11   25.17 2342.59 ^ _24097_/Y (AO21x1_ASAP7_75t_R)
                                         _06137_ (net)
                 28.12    0.33 2342.92 ^ _24299_/A (AND3x1_ASAP7_75t_R)
     4    3.32   24.78   29.48 2372.40 ^ _24299_/Y (AND3x1_ASAP7_75t_R)
                                         _06338_ (net)
                 24.79    0.23 2372.62 ^ _24303_/B1 (AOI221x1_ASAP7_75t_R)
     7    7.08   83.51   41.45 2414.08 v _24303_/Y (AOI221x1_ASAP7_75t_R)
                                         _06342_ (net)
                 83.53    0.64 2414.72 v _24387_/A2 (AO21x1_ASAP7_75t_R)
     1    0.76    9.04   26.95 2441.66 v _24387_/Y (AO21x1_ASAP7_75t_R)
                                         _06422_ (net)
                  9.04    0.06 2441.72 v place607/A (BUFx3_ASAP7_75t_R)
    12   10.55   23.58   19.68 2461.40 v place607/Y (BUFx3_ASAP7_75t_R)
                                         net606 (net)
                 26.18    4.10 2465.50 v _24531_/A (AND2x2_ASAP7_75t_R)
    13   12.84   37.11   35.60 2501.10 v _24531_/Y (AND2x2_ASAP7_75t_R)
                                         _06565_ (net)
                 37.18    1.07 2502.18 v _24532_/A (INVx2_ASAP7_75t_R)
    12   11.86   43.66   28.65 2530.82 ^ _24532_/Y (INVx2_ASAP7_75t_R)
                                         _06566_ (net)
                 43.76    1.26 2532.08 ^ _34462_/B (HAxp5_ASAP7_75t_R)
     6    5.13   59.53   38.03 2570.11 v _34462_/CON (HAxp5_ASAP7_75t_R)
                                         _00140_ (net)
                 59.55    0.65 2570.76 v _25462_/A (OR5x1_ASAP7_75t_R)
     5    4.08   30.46   48.65 2619.41 v _25462_/Y (OR5x1_ASAP7_75t_R)
                                         _07428_ (net)
                 30.50    0.55 2619.96 v _32531_/A (INVx1_ASAP7_75t_R)
     1    1.00   13.55   11.47 2631.43 ^ _32531_/Y (INVx1_ASAP7_75t_R)
                                         _02610_ (net)
                 13.55    0.05 2631.48 ^ _34458_/B (HAxp5_ASAP7_75t_R)
     1    0.73   21.04   22.26 2653.74 v _34458_/SN (HAxp5_ASAP7_75t_R)
                                         _00141_ (net)
                 21.04    0.06 2653.81 v _27154_/B (OR4x1_ASAP7_75t_R)
     1    0.78   10.26   27.25 2681.05 v _27154_/Y (OR4x1_ASAP7_75t_R)
                                         _08895_ (net)
                 10.26    0.08 2681.14 v _27155_/E (OR5x1_ASAP7_75t_R)
     1    0.75   11.36   32.50 2713.64 v _27155_/Y (OR5x1_ASAP7_75t_R)
                                         _08896_ (net)
                 11.36    0.07 2713.72 v _27156_/D (OR4x1_ASAP7_75t_R)
     1    0.76   10.11   26.62 2740.34 v _27156_/Y (OR4x1_ASAP7_75t_R)
                                         _08897_ (net)
                 10.12    0.06 2740.40 v _27157_/A (INVx1_ASAP7_75t_R)
     1    0.76    7.69    6.75 2747.14 ^ _27157_/Y (INVx1_ASAP7_75t_R)
                                         _08898_ (net)
                  7.69    0.07 2747.21 ^ _27158_/D (AND4x1_ASAP7_75t_R)
     7    6.25   45.27   38.63 2785.84 ^ _27158_/Y (AND4x1_ASAP7_75t_R)
                                         _08899_ (net)
                 45.36    1.26 2787.10 ^ _27169_/A (AND3x1_ASAP7_75t_R)
     4    3.97   29.53   33.81 2820.91 ^ _27169_/Y (AND3x1_ASAP7_75t_R)
                                         _08910_ (net)
                 29.59    0.82 2821.73 ^ _27170_/A (INVx1_ASAP7_75t_R)
     4    2.84   20.77   16.19 2837.92 v _27170_/Y (INVx1_ASAP7_75t_R)
                                         _08911_ (net)
                 20.77    0.13 2838.05 v _27175_/B (OR3x1_ASAP7_75t_R)
     1    1.04   10.86   23.74 2861.78 v _27175_/Y (OR3x1_ASAP7_75t_R)
                                         _03661_ (net)
                 10.86    0.04 2861.83 v _34794_/B (HAxp5_ASAP7_75t_R)
     6    5.88   62.38   31.31 2893.13 ^ _34794_/CON (HAxp5_ASAP7_75t_R)
                                         _00138_ (net)
                 62.38    0.33 2893.46 ^ _33766_/B (AO21x1_ASAP7_75t_R)
     8    7.24   48.12   35.74 2929.20 ^ _33766_/Y (AO21x1_ASAP7_75t_R)
                                         _13453_ (net)
                 48.26    1.50 2930.71 ^ _33808_/A (INVx1_ASAP7_75t_R)
     3    1.97   20.74   15.89 2946.60 v _33808_/Y (INVx1_ASAP7_75t_R)
                                         _13495_ (net)
                 20.74    0.16 2946.76 v _33834_/C (OA211x2_ASAP7_75t_R)
     1    0.68    9.23   30.66 2977.41 v _33834_/Y (OA211x2_ASAP7_75t_R)
                                         _13521_ (net)
                  9.23    0.05 2977.46 v _33836_/B (OR3x1_ASAP7_75t_R)
     1    0.73    8.96   20.12 2997.58 v _33836_/Y (OR3x1_ASAP7_75t_R)
                                         _13523_ (net)
                  8.96    0.07 2997.65 v _33839_/B1 (AO222x2_ASAP7_75t_R)
     1    0.65    9.12   28.67 3026.32 v _33839_/Y (AO222x2_ASAP7_75t_R)
                                         _13526_ (net)
                  9.12    0.05 3026.37 v _33840_/D (OR4x1_ASAP7_75t_R)
     1    1.34   13.32   28.48 3054.84 v _33840_/Y (OR4x1_ASAP7_75t_R)
                                         _13527_ (net)
                 13.35    0.35 3055.19 v _33880_/A2 (OA21x2_ASAP7_75t_R)
     1    2.34   10.77   20.62 3075.81 v _33880_/Y (OA21x2_ASAP7_75t_R)
                                         _00137_ (net)
                 10.87    0.56 3076.36 v _34480_/A (HAxp5_ASAP7_75t_R)
     1    0.72   16.55   11.58 3087.95 ^ _34480_/CON (HAxp5_ASAP7_75t_R)
                                         _02680_ (net)
                 16.55    0.05 3088.00 ^ _24554_/A (INVx1_ASAP7_75t_R)
     3    2.66   17.07   12.59 3100.59 v _24554_/Y (INVx1_ASAP7_75t_R)
                                         _02682_ (net)
                 17.08    0.24 3100.83 v _31723_/A (AND3x1_ASAP7_75t_R)
     3    3.18   18.84   19.59 3120.43 v _31723_/Y (AND3x1_ASAP7_75t_R)
                                         _11726_ (net)
                 18.86    0.33 3120.75 v _31758_/B (AND5x2_ASAP7_75t_R)
     3    4.17   15.31   24.78 3145.53 v _31758_/Y (AND5x2_ASAP7_75t_R)
                                         _11761_ (net)
                 15.36    0.48 3146.01 v _31764_/A (XNOR2x1_ASAP7_75t_R)
    12   10.72   70.83   35.11 3181.12 ^ _31764_/Y (XNOR2x1_ASAP7_75t_R)
                                         _11767_ (net)
                 71.30    3.24 3184.37 ^ _31770_/C (NOR3x1_ASAP7_75t_R)
     1    0.59   22.96   22.31 3206.68 v _31770_/Y (NOR3x1_ASAP7_75t_R)
                                         _11773_ (net)
                 22.96    0.02 3206.70 v _31771_/A2 (OA211x2_ASAP7_75t_R)
     2    2.66   14.50   29.65 3236.35 v _31771_/Y (OA211x2_ASAP7_75t_R)
                                         _11774_ (net)
                 14.54    0.39 3236.74 v _31791_/A2 (AO211x2_ASAP7_75t_R)
     4    3.50   13.50   22.29 3259.04 v _31791_/Y (AO211x2_ASAP7_75t_R)
                                         _11794_ (net)
                 13.51    0.18 3259.22 v _31826_/A2 (AO221x1_ASAP7_75t_R)
     1    1.61   13.72   25.76 3284.98 v _31826_/Y (AO221x1_ASAP7_75t_R)
                                         _11825_ (net)
                 13.74    0.29 3285.27 v _31827_/B (OA211x2_ASAP7_75t_R)
     1    0.64   11.53   26.73 3312.00 v _31827_/Y (OA211x2_ASAP7_75t_R)
                                         _04990_ (net)
                 11.53    0.05 3312.04 v c_data[42]$_SDFFE_PN0P_/D (DFFHQNx1_ASAP7_75t_R)
                               3312.04   data arrival time

                       3500.00 3500.00   clock clk (rise edge)
                          0.00 3500.00   clock source latency
     1    8.09    0.00    0.00 3500.00 ^ clk (in)
                                         clk (net)
                  9.00    2.84 3502.84 ^ clkbuf_0_clk/A (BUFx16f_ASAP7_75t_R)
     2    7.15    7.83   14.80 3517.64 ^ clkbuf_0_clk/Y (BUFx16f_ASAP7_75t_R)
                                         clknet_0_clk (net)
                  8.44    1.10 3518.73 ^ clkbuf_1_1__f_clk/A (BUFx16f_ASAP7_75t_R)
     9   34.31   22.50   19.01 3537.74 ^ clkbuf_1_1__f_clk/Y (BUFx16f_ASAP7_75t_R)
                                         clknet_1_1__leaf_clk (net)
                 30.39    6.98 3544.72 ^ clkbuf_leaf_13_clk/A (BUFx24_ASAP7_75t_R)
    18   11.47   10.94   24.53 3569.25 ^ clkbuf_leaf_13_clk/Y (BUFx24_ASAP7_75t_R)
                                         clknet_leaf_13_clk (net)
                 11.29    0.80 3570.05 ^ c_data[42]$_SDFFE_PN0P_/CLK (DFFHQNx1_ASAP7_75t_R)
                       -175.00 3395.05   clock uncertainty
                          1.00 3396.05   clock reconvergence pessimism
                         -0.22 3395.82   library setup time
                               3395.82   data required time
-----------------------------------------------------------------------------
                               3395.82   data required time
                               -3312.04   data arrival time
-----------------------------------------------------------------------------
                                 83.78   slack (MET)



==========================================================================
finish report_checks -unconstrained
--------------------------------------------------------------------------
Startpoint: prod_reg[2][28]$_SDFFE_PN0P_
            (rising edge-triggered flip-flop clocked by clk)
Endpoint: c_data[42]$_SDFFE_PN0P_
          (rising edge-triggered flip-flop clocked by clk)
Path Group: clk
Path Type: max

Fanout     Cap    Slew   Delay    Time   Description
-----------------------------------------------------------------------------
                          0.00    0.00   clock clk (rise edge)
                          0.00    0.00   clock source latency
     1    8.75    0.00    0.00    0.00 ^ clk (in)
                                         clk (net)
                 10.26    3.24    3.24 ^ clkbuf_0_clk/A (BUFx16f_ASAP7_75t_R)
     2    8.47    8.60   15.40   18.63 ^ clkbuf_0_clk/Y (BUFx16f_ASAP7_75t_R)
                                         clknet_0_clk (net)
                  9.60    1.50   20.14 ^ clkbuf_1_0__f_clk/A (BUFx16f_ASAP7_75t_R)
    13   47.60   29.43   20.58   40.72 ^ clkbuf_1_0__f_clk/Y (BUFx16f_ASAP7_75t_R)
                                         clknet_1_0__leaf_clk (net)
                 36.90    7.63   48.35 ^ clkbuf_leaf_16_clk/A (BUFx24_ASAP7_75t_R)
    17   13.48   11.92   26.25   74.60 ^ clkbuf_leaf_16_clk/Y (BUFx24_ASAP7_75t_R)
                                         clknet_leaf_16_clk (net)
                 14.89    3.04   77.64 ^ prod_reg[2][28]$_SDFFE_PN0P_/CLK (DFFHQNx1_ASAP7_75t_R)
     5    5.24   40.83   52.28  129.92 ^ prod_reg[2][28]$_SDFFE_PN0P_/QN (DFFHQNx1_ASAP7_75t_R)
                                         _00389_ (net)
                 40.96    1.32  131.24 ^ _19140_/B (AND4x1_ASAP7_75t_R)
     1    0.71   10.73   26.36  157.59 ^ _19140_/Y (AND4x1_ASAP7_75t_R)
                                         _14383_ (net)
                 10.73    0.11  157.70 ^ _19141_/E (AND5x1_ASAP7_75t_R)
    11   12.61   86.07   60.53  218.23 ^ _19141_/Y (AND5x1_ASAP7_75t_R)
                                         _14384_ (net)
                 86.12    1.13  219.37 ^ _19921_/B (NOR2x1_ASAP7_75t_R)
     3    2.97   33.25   26.60  245.97 v _19921_/Y (NOR2x1_ASAP7_75t_R)
                                         _03143_ (net)
                 33.28    0.51  246.48 v _29619_/A (INVx1_ASAP7_75t_R)
     1    1.00   14.13   11.95  258.42 ^ _29619_/Y (INVx1_ASAP7_75t_R)
                                         _03145_ (net)
                 14.13    0.05  258.47 ^ _35028_/B (HAxp5_ASAP7_75t_R)
     2    1.96   36.57   35.52  294.00 v _35028_/SN (HAxp5_ASAP7_75t_R)
                                         _00044_ (net)
                 36.57    0.17  294.17 v _18850_/A (OR4x1_ASAP7_75t_R)
     2    1.84   17.40   33.68  327.85 v _18850_/Y (OR4x1_ASAP7_75t_R)
                                         _14094_ (net)
                 17.40    0.15  328.00 v _18866_/A (NOR2x1_ASAP7_75t_R)
     2    2.19   19.66   13.38  341.37 ^ _18866_/Y (NOR2x1_ASAP7_75t_R)
                                         _14110_ (net)
                 19.73    0.67  342.04 ^ _18873_/B (AND5x1_ASAP7_75t_R)
     1    1.40   16.23   31.29  373.33 ^ _18873_/Y (AND5x1_ASAP7_75t_R)
                                         _14117_ (net)
                 16.24    0.27  373.60 ^ _18881_/B (OA211x2_ASAP7_75t_R)
     2    3.32   16.69   25.52  399.12 ^ _18881_/Y (OA211x2_ASAP7_75t_R)
                                         _14125_ (net)
                 16.95    1.13  400.25 ^ _18890_/B (AOI211x1_ASAP7_75t_R)
    19   18.97  189.35   48.23  448.48 v _18890_/Y (AOI211x1_ASAP7_75t_R)
                                         _14134_ (net)
                189.50    3.11  451.59 v place690/A (BUFx3_ASAP7_75t_R)
    20   15.48   34.92   51.63  503.22 v place690/Y (BUFx3_ASAP7_75t_R)
                                         net689 (net)
                 37.38    4.93  508.15 v _19246_/A (OR5x1_ASAP7_75t_R)
     8    8.55   54.01   55.41  563.56 v _19246_/Y (OR5x1_ASAP7_75t_R)
                                         _14487_ (net)
                 54.16    1.68  565.23 v _19255_/B1 (AO22x2_ASAP7_75t_R)
    13   14.33   44.44   47.03  612.27 v _19255_/Y (AO22x2_ASAP7_75t_R)
                                         _14496_ (net)
                 44.73    2.13  614.39 v _19803_/C (OA211x2_ASAP7_75t_R)
     2    2.91   15.80   43.10  657.49 v _19803_/Y (OA211x2_ASAP7_75t_R)
                                         _15043_ (net)
                 16.03    1.02  658.51 v _19847_/A1 (AO21x1_ASAP7_75t_R)
     4    4.99   29.11   28.17  686.69 v _19847_/Y (AO21x1_ASAP7_75t_R)
                                         _15087_ (net)
                 29.15    0.64  687.33 v _19870_/B (AOI211x1_ASAP7_75t_R)
     2    1.50   28.18   17.24  704.56 ^ _19870_/Y (AOI211x1_ASAP7_75t_R)
                                         _15110_ (net)
                 28.18    0.09  704.66 ^ _20183_/C (AND3x1_ASAP7_75t_R)
     4    5.00   35.46   32.34  737.00 ^ _20183_/Y (AND3x1_ASAP7_75t_R)
                                         _15394_ (net)
                 35.52    0.84  737.83 ^ _32708_/B (AND3x1_ASAP7_75t_R)
     3    3.70   27.40   31.02  768.86 ^ _32708_/Y (AND3x1_ASAP7_75t_R)
                                         _12523_ (net)
                 27.41    0.47  769.33 ^ _32709_/C (NAND3x1_ASAP7_75t_R)
     3    2.14   21.98   12.27  781.60 v _32709_/Y (NAND3x1_ASAP7_75t_R)
                                         _12524_ (net)
                 21.98    0.20  781.80 v _32762_/A (OR2x2_ASAP7_75t_R)
     3    2.53   11.12   22.11  803.91 v _32762_/Y (OR2x2_ASAP7_75t_R)
                                         _12569_ (net)
                 11.14    0.29  804.20 v _32765_/A2 (OA31x2_ASAP7_75t_R)
     1    1.29   11.25   17.98  822.17 v _32765_/Y (OA31x2_ASAP7_75t_R)
                                         _12572_ (net)
                 11.26    0.15  822.33 v _32766_/B (XOR2x2_ASAP7_75t_R)
     1    1.77   10.15   26.23  848.56 ^ _32766_/Y (XOR2x2_ASAP7_75t_R)
                                         _03425_ (net)
                 10.21    0.40  848.96 ^ _34702_/B (HAxp5_ASAP7_75t_R)
     5    4.04   71.50   55.73  904.69 v _34702_/SN (HAxp5_ASAP7_75t_R)
                                         _03427_ (net)
                 71.51    0.24  904.92 v _18915_/A2 (AO21x1_ASAP7_75t_R)
     1    0.48    7.62   24.60  929.52 v _18915_/Y (AO21x1_ASAP7_75t_R)
                                         _14159_ (net)
                  7.62    0.04  929.56 v _18916_/B1 (AO22x1_ASAP7_75t_R)
     2    1.68   13.13   21.59  951.15 v _18916_/Y (AO22x1_ASAP7_75t_R)
                                         _14160_ (net)
                 13.13    0.18  951.33 v _18917_/D (OR4x1_ASAP7_75t_R)
     1    0.82   11.60   27.13  978.46 v _18917_/Y (OR4x1_ASAP7_75t_R)
                                         _14161_ (net)
                 11.60    0.07  978.53 v _18920_/A2 (OA21x2_ASAP7_75t_R)
     2    1.86    9.26   19.42  997.95 v _18920_/Y (OA21x2_ASAP7_75t_R)
                                         _14164_ (net)
                  9.27    0.17  998.12 v _18923_/A1 (OA211x2_ASAP7_75t_R)
     2    1.93   12.55   24.12 1022.24 v _18923_/Y (OA211x2_ASAP7_75t_R)
                                         _14167_ (net)
                 12.55    0.16 1022.39 v _18924_/A2 (OA21x2_ASAP7_75t_R)
     1    0.90    7.78   18.12 1040.52 v _18924_/Y (OA21x2_ASAP7_75t_R)
                                         _14168_ (net)
                  7.78    0.11 1040.63 v _18925_/A2 (OA21x2_ASAP7_75t_R)
    10    8.70   28.48   27.47 1068.10 v _18925_/Y (OA21x2_ASAP7_75t_R)
                                         _14169_ (net)
                 28.51    0.47 1068.57 v _20187_/A (NAND2x1_ASAP7_75t_R)
     4    3.85   37.31   24.01 1092.58 ^ _20187_/Y (NAND2x1_ASAP7_75t_R)
                                         _15398_ (net)
                 37.31    0.15 1092.74 ^ _20197_/B (AO21x1_ASAP7_75t_R)
    12   14.74   96.27   51.38 1144.11 ^ _20197_/Y (AO21x1_ASAP7_75t_R)
                                         _15408_ (net)
                 96.29    0.85 1144.96 ^ _20198_/C (AND3x1_ASAP7_75t_R)
     3    2.93   23.15   31.55 1176.51 ^ _20198_/Y (AND3x1_ASAP7_75t_R)
                                         _15409_ (net)
                 23.15    0.14 1176.65 ^ _20202_/B (AND2x2_ASAP7_75t_R)
     1    0.67    6.53   17.88 1194.53 ^ _20202_/Y (AND2x2_ASAP7_75t_R)
                                         _15413_ (net)
                  6.53    0.05 1194.58 ^ _20203_/B (AO21x1_ASAP7_75t_R)
     3    4.93   33.75   21.79 1216.38 ^ _20203_/Y (AO21x1_ASAP7_75t_R)
                                         _01500_ (net)
                 33.78    0.58 1216.96 ^ _34652_/B (HAxp5_ASAP7_75t_R)
     3    2.72   37.16   25.30 1242.26 v _34652_/CON (HAxp5_ASAP7_75t_R)
                                         _00037_ (net)
                 37.17    0.30 1242.56 v _19939_/A (INVx1_ASAP7_75t_R)
     4    4.20   33.79   24.60 1267.16 ^ _19939_/Y (INVx1_ASAP7_75t_R)
                                         _15176_ (net)
                 33.81    0.49 1267.65 ^ _19940_/A (AND3x1_ASAP7_75t_R)
     2    1.20   13.36   23.90 1291.54 ^ _19940_/Y (AND3x1_ASAP7_75t_R)
                                         _15177_ (net)
                 13.36    0.13 1291.67 ^ _20250_/B (AND2x2_ASAP7_75t_R)
     1    0.49    6.53   15.25 1306.92 ^ _20250_/Y (AND2x2_ASAP7_75t_R)
                                         _15451_ (net)
                  6.53    0.04 1306.95 ^ _20251_/B (OA211x2_ASAP7_75t_R)
     2    2.32   13.13   21.89 1328.84 ^ _20251_/Y (OA211x2_ASAP7_75t_R)
                                         _15452_ (net)
                 13.16    0.34 1329.18 ^ _23288_/B (AO21x1_ASAP7_75t_R)
     5    5.22   35.67   24.20 1353.38 ^ _23288_/Y (AO21x1_ASAP7_75t_R)
                                         _05352_ (net)
                 35.73    0.82 1354.20 ^ _23290_/A (AND3x1_ASAP7_75t_R)
     1    0.95   10.84   23.36 1377.56 ^ _23290_/Y (AND3x1_ASAP7_75t_R)
                                         _03578_ (net)
                 10.84    0.04 1377.59 ^ _34765_/B (HAxp5_ASAP7_75t_R)
     3    3.18   37.86   20.54 1398.13 v _34765_/CON (HAxp5_ASAP7_75t_R)
                                         _03827_ (net)
     2    1.65   26.62   16.88 1415.01 ^ _34765_/SN (HAxp5_ASAP7_75t_R)
                                         _00017_ (net)
                 26.62    0.13 1415.14 ^ _28355_/A (INVx1_ASAP7_75t_R)
     2    1.87   15.86   12.45 1427.58 v _28355_/Y (INVx1_ASAP7_75t_R)
                                         _03579_ (net)
                 15.86    0.17 1427.75 v _34997_/B (HAxp5_ASAP7_75t_R)
     2    1.53   29.38   31.57 1459.32 v _34997_/SN (HAxp5_ASAP7_75t_R)
                                         _04247_ (net)
                 29.38    0.13 1459.45 v _19967_/C (OR5x1_ASAP7_75t_R)
     1    0.69   11.14   33.87 1493.32 v _19967_/Y (OR5x1_ASAP7_75t_R)
                                         _15203_ (net)
                 11.14    0.06 1493.38 v _19968_/D (OR4x1_ASAP7_75t_R)
     1    1.74   15.84   30.17 1523.55 v _19968_/Y (OR4x1_ASAP7_75t_R)
                                         _15204_ (net)
                 15.86    0.31 1523.85 v _19969_/B (OAI21x1_ASAP7_75t_R)
     1    0.68   12.85    6.69 1530.55 ^ _19969_/Y (OAI21x1_ASAP7_75t_R)
                                         _15205_ (net)
                 12.85    0.05 1530.60 ^ _19970_/B (AO21x1_ASAP7_75t_R)
     3    2.36   17.52   16.90 1547.50 ^ _19970_/Y (AO21x1_ASAP7_75t_R)
                                         _15206_ (net)
                 17.54    0.36 1547.86 ^ _19971_/A (INVx1_ASAP7_75t_R)
    12   11.00   60.42   31.16 1579.02 v _19971_/Y (INVx1_ASAP7_75t_R)
                                         _15207_ (net)
                 60.63    2.07 1581.09 v _23382_/B (AND2x2_ASAP7_75t_R)
    15   15.62   47.06   43.19 1624.28 v _23382_/Y (AND2x2_ASAP7_75t_R)
                                         _05433_ (net)
                 47.37    2.22 1626.51 v _23463_/A2 (AOI21x1_ASAP7_75t_R)
    12    9.92   69.44   39.70 1666.21 ^ _23463_/Y (AOI21x1_ASAP7_75t_R)
                                         _05510_ (net)
                 69.58    1.83 1668.03 ^ _23575_/D (OR5x1_ASAP7_75t_R)
     2    1.41   12.90   29.71 1697.74 ^ _23575_/Y (OR5x1_ASAP7_75t_R)
                                         _05622_ (net)
                 12.90    0.09 1697.83 ^ _23589_/A (AND2x2_ASAP7_75t_R)
     6    6.68   25.25   23.84 1721.67 ^ _23589_/Y (AND2x2_ASAP7_75t_R)
                                         _05636_ (net)
                 25.39    1.07 1722.74 ^ _23590_/A (INVx1_ASAP7_75t_R)
    11   10.57   58.67   33.03 1755.77 v _23590_/Y (INVx1_ASAP7_75t_R)
                                         _05637_ (net)
                 58.81    1.65 1757.42 v _23661_/A (AND2x2_ASAP7_75t_R)
     1    0.56    8.33   27.09 1784.51 v _23661_/Y (AND2x2_ASAP7_75t_R)
                                         _05703_ (net)
                  8.33    0.02 1784.54 v _23665_/B2 (AO221x1_ASAP7_75t_R)
     2    1.68   13.77   23.62 1808.16 v _23665_/Y (AO221x1_ASAP7_75t_R)
                                         _05707_ (net)
                 13.78    0.16 1808.32 v _23666_/A (INVx1_ASAP7_75t_R)
     2    1.29   11.50    9.27 1817.59 ^ _23666_/Y (INVx1_ASAP7_75t_R)
                                         _05708_ (net)
                 11.51    0.13 1817.72 ^ _23667_/C (AND3x1_ASAP7_75t_R)
     6    5.35   37.77   31.40 1849.12 ^ _23667_/Y (AND3x1_ASAP7_75t_R)
                                         _05709_ (net)
                 37.81    0.83 1849.95 ^ _33518_/A1 (OA211x2_ASAP7_75t_R)
     1    1.29   10.07   27.18 1877.13 ^ _33518_/Y (OA211x2_ASAP7_75t_R)
                                         _00035_ (net)
                 10.07    0.08 1877.21 ^ _35092_/A (HAxp5_ASAP7_75t_R)
     2    2.45   30.64   16.82 1894.03 v _35092_/CON (HAxp5_ASAP7_75t_R)
                                         _04453_ (net)
                 30.64    0.17 1894.20 v _24362_/A (INVx1_ASAP7_75t_R)
     2    1.74   18.16   14.68 1908.88 ^ _24362_/Y (INVx1_ASAP7_75t_R)
                                         _02894_ (net)
                 18.16    0.06 1908.94 ^ _34541_/B (HAxp5_ASAP7_75t_R)
     3    3.33   39.35   23.35 1932.29 v _34541_/CON (HAxp5_ASAP7_75t_R)
                                         _02895_ (net)
                 39.37    0.46 1932.75 v _23959_/B (AO21x1_ASAP7_75t_R)
     3    2.77   17.84   27.12 1959.87 v _23959_/Y (AO21x1_ASAP7_75t_R)
                                         _06000_ (net)
                 17.85    0.13 1960.00 v _24022_/C (OR3x1_ASAP7_75t_R)
     1    0.74    9.22   22.00 1981.99 v _24022_/Y (OR3x1_ASAP7_75t_R)
                                         _06062_ (net)
                  9.22    0.08 1982.07 v _24023_/E (OR5x1_ASAP7_75t_R)
     1    1.01   13.65   33.44 2015.51 v _24023_/Y (OR5x1_ASAP7_75t_R)
                                         _06063_ (net)
                 13.66    0.14 2015.65 v _24026_/C (OR5x1_ASAP7_75t_R)
     1    1.32   14.95   33.86 2049.51 v _24026_/Y (OR5x1_ASAP7_75t_R)
                                         _06066_ (net)
                 14.97    0.29 2049.79 v _24027_/E (OR5x1_ASAP7_75t_R)
     6    6.23   40.93   50.41 2100.21 v _24027_/Y (OR5x1_ASAP7_75t_R)
                                         _06067_ (net)
                 41.04    1.20 2101.41 v _24105_/A1 (AOI21x1_ASAP7_75t_R)
     3    2.27   22.66   17.52 2118.93 ^ _24105_/Y (AOI21x1_ASAP7_75t_R)
                                         _06145_ (net)
                 22.66    0.17 2119.11 ^ _24130_/B (OR4x1_ASAP7_75t_R)
     2    1.35   10.83   16.47 2135.58 ^ _24130_/Y (OR4x1_ASAP7_75t_R)
                                         _06170_ (net)
                 10.83    0.06 2135.63 ^ _24323_/A1 (AO21x1_ASAP7_75t_R)
     4    2.75   19.72   19.19 2154.83 ^ _24323_/Y (AO21x1_ASAP7_75t_R)
                                         _06362_ (net)
                 19.73    0.20 2155.03 ^ _25814_/A (INVx1_ASAP7_75t_R)
     2    1.74   13.68   10.89 2165.92 v _25814_/Y (INVx1_ASAP7_75t_R)
                                         _07713_ (net)
                 13.69    0.22 2166.14 v _28149_/B (AO21x1_ASAP7_75t_R)
     1    1.13    9.40   18.09 2184.24 v _28149_/Y (AO21x1_ASAP7_75t_R)
                                         _09417_ (net)
                  9.41    0.09 2184.32 v _28150_/A2 (AOI21x1_ASAP7_75t_R)
     5    6.50   51.48   22.78 2207.10 ^ _28150_/Y (AOI21x1_ASAP7_75t_R)
                                         _02759_ (net)
                 51.63    1.63 2208.74 ^ _28426_/A (INVx1_ASAP7_75t_R)
     3    3.09   26.87   20.85 2229.59 v _28426_/Y (INVx1_ASAP7_75t_R)
                                         acc_next[2][24] (net)
                 26.87    0.08 2229.67 v _35120_/A (HAxp5_ASAP7_75t_R)
     2    1.48   25.56   19.87 2249.53 ^ _35120_/CON (HAxp5_ASAP7_75t_R)
                                         _00156_ (net)
                 25.56    0.09 2249.62 ^ _24035_/A (INVx1_ASAP7_75t_R)
    11   10.51   59.31   32.24 2281.87 v _24035_/Y (INVx1_ASAP7_75t_R)
                                         _06075_ (net)
                 59.81    3.11 2284.98 v _24041_/A (AND3x1_ASAP7_75t_R)
     2    1.93   13.22   22.98 2307.96 v _24041_/Y (AND3x1_ASAP7_75t_R)
                                         _06081_ (net)
                 13.24    0.23 2308.19 v _24056_/A1 (OAI22x1_ASAP7_75t_R)
     1    0.77   19.60    9.16 2317.35 ^ _24056_/Y (OAI22x1_ASAP7_75t_R)
                                         _06096_ (net)
                 19.60    0.07 2317.42 ^ _24097_/A2 (AO21x1_ASAP7_75t_R)
     4    4.08   28.11   25.17 2342.59 ^ _24097_/Y (AO21x1_ASAP7_75t_R)
                                         _06137_ (net)
                 28.12    0.33 2342.92 ^ _24299_/A (AND3x1_ASAP7_75t_R)
     4    3.32   24.78   29.48 2372.40 ^ _24299_/Y (AND3x1_ASAP7_75t_R)
                                         _06338_ (net)
                 24.79    0.23 2372.62 ^ _24303_/B1 (AOI221x1_ASAP7_75t_R)
     7    7.08   83.51   41.45 2414.08 v _24303_/Y (AOI221x1_ASAP7_75t_R)
                                         _06342_ (net)
                 83.53    0.64 2414.72 v _24387_/A2 (AO21x1_ASAP7_75t_R)
     1    0.76    9.04   26.95 2441.66 v _24387_/Y (AO21x1_ASAP7_75t_R)
                                         _06422_ (net)
                  9.04    0.06 2441.72 v place607/A (BUFx3_ASAP7_75t_R)
    12   10.55   23.58   19.68 2461.40 v place607/Y (BUFx3_ASAP7_75t_R)
                                         net606 (net)
                 26.18    4.10 2465.50 v _24531_/A (AND2x2_ASAP7_75t_R)
    13   12.84   37.11   35.60 2501.10 v _24531_/Y (AND2x2_ASAP7_75t_R)
                                         _06565_ (net)
                 37.18    1.07 2502.18 v _24532_/A (INVx2_ASAP7_75t_R)
    12   11.86   43.66   28.65 2530.82 ^ _24532_/Y (INVx2_ASAP7_75t_R)
                                         _06566_ (net)
                 43.76    1.26 2532.08 ^ _34462_/B (HAxp5_ASAP7_75t_R)
     6    5.13   59.53   38.03 2570.11 v _34462_/CON (HAxp5_ASAP7_75t_R)
                                         _00140_ (net)
                 59.55    0.65 2570.76 v _25462_/A (OR5x1_ASAP7_75t_R)
     5    4.08   30.46   48.65 2619.41 v _25462_/Y (OR5x1_ASAP7_75t_R)
                                         _07428_ (net)
                 30.50    0.55 2619.96 v _32531_/A (INVx1_ASAP7_75t_R)
     1    1.00   13.55   11.47 2631.43 ^ _32531_/Y (INVx1_ASAP7_75t_R)
                                         _02610_ (net)
                 13.55    0.05 2631.48 ^ _34458_/B (HAxp5_ASAP7_75t_R)
     1    0.73   21.04   22.26 2653.74 v _34458_/SN (HAxp5_ASAP7_75t_R)
                                         _00141_ (net)
                 21.04    0.06 2653.81 v _27154_/B (OR4x1_ASAP7_75t_R)
     1    0.78   10.26   27.25 2681.05 v _27154_/Y (OR4x1_ASAP7_75t_R)
                                         _08895_ (net)
                 10.26    0.08 2681.14 v _27155_/E (OR5x1_ASAP7_75t_R)
     1    0.75   11.36   32.50 2713.64 v _27155_/Y (OR5x1_ASAP7_75t_R)
                                         _08896_ (net)
                 11.36    0.07 2713.72 v _27156_/D (OR4x1_ASAP7_75t_R)
     1    0.76   10.11   26.62 2740.34 v _27156_/Y (OR4x1_ASAP7_75t_R)
                                         _08897_ (net)
                 10.12    0.06 2740.40 v _27157_/A (INVx1_ASAP7_75t_R)
     1    0.76    7.69    6.75 2747.14 ^ _27157_/Y (INVx1_ASAP7_75t_R)
                                         _08898_ (net)
                  7.69    0.07 2747.21 ^ _27158_/D (AND4x1_ASAP7_75t_R)
     7    6.25   45.27   38.63 2785.84 ^ _27158_/Y (AND4x1_ASAP7_75t_R)
                                         _08899_ (net)
                 45.36    1.26 2787.10 ^ _27169_/A (AND3x1_ASAP7_75t_R)
     4    3.97   29.53   33.81 2820.91 ^ _27169_/Y (AND3x1_ASAP7_75t_R)
                                         _08910_ (net)
                 29.59    0.82 2821.73 ^ _27170_/A (INVx1_ASAP7_75t_R)
     4    2.84   20.77   16.19 2837.92 v _27170_/Y (INVx1_ASAP7_75t_R)
                                         _08911_ (net)
                 20.77    0.13 2838.05 v _27175_/B (OR3x1_ASAP7_75t_R)
     1    1.04   10.86   23.74 2861.78 v _27175_/Y (OR3x1_ASAP7_75t_R)
                                         _03661_ (net)
                 10.86    0.04 2861.83 v _34794_/B (HAxp5_ASAP7_75t_R)
     6    5.88   62.38   31.31 2893.13 ^ _34794_/CON (HAxp5_ASAP7_75t_R)
                                         _00138_ (net)
                 62.38    0.33 2893.46 ^ _33766_/B (AO21x1_ASAP7_75t_R)
     8    7.24   48.12   35.74 2929.20 ^ _33766_/Y (AO21x1_ASAP7_75t_R)
                                         _13453_ (net)
                 48.26    1.50 2930.71 ^ _33808_/A (INVx1_ASAP7_75t_R)
     3    1.97   20.74   15.89 2946.60 v _33808_/Y (INVx1_ASAP7_75t_R)
                                         _13495_ (net)
                 20.74    0.16 2946.76 v _33834_/C (OA211x2_ASAP7_75t_R)
     1    0.68    9.23   30.66 2977.41 v _33834_/Y (OA211x2_ASAP7_75t_R)
                                         _13521_ (net)
                  9.23    0.05 2977.46 v _33836_/B (OR3x1_ASAP7_75t_R)
     1    0.73    8.96   20.12 2997.58 v _33836_/Y (OR3x1_ASAP7_75t_R)
                                         _13523_ (net)
                  8.96    0.07 2997.65 v _33839_/B1 (AO222x2_ASAP7_75t_R)
     1    0.65    9.12   28.67 3026.32 v _33839_/Y (AO222x2_ASAP7_75t_R)
                                         _13526_ (net)
                  9.12    0.05 3026.37 v _33840_/D (OR4x1_ASAP7_75t_R)
     1    1.34   13.32   28.48 3054.84 v _33840_/Y (OR4x1_ASAP7_75t_R)
                                         _13527_ (net)
                 13.35    0.35 3055.19 v _33880_/A2 (OA21x2_ASAP7_75t_R)
     1    2.34   10.77   20.62 3075.81 v _33880_/Y (OA21x2_ASAP7_75t_R)
                                         _00137_ (net)
                 10.87    0.56 3076.36 v _34480_/A (HAxp5_ASAP7_75t_R)
     1    0.72   16.55   11.58 3087.95 ^ _34480_/CON (HAxp5_ASAP7_75t_R)
                                         _02680_ (net)
                 16.55    0.05 3088.00 ^ _24554_/A (INVx1_ASAP7_75t_R)
     3    2.66   17.07   12.59 3100.59 v _24554_/Y (INVx1_ASAP7_75t_R)
                                         _02682_ (net)
                 17.08    0.24 3100.83 v _31723_/A (AND3x1_ASAP7_75t_R)
     3    3.18   18.84   19.59 3120.43 v _31723_/Y (AND3x1_ASAP7_75t_R)
                                         _11726_ (net)
                 18.86    0.33 3120.75 v _31758_/B (AND5x2_ASAP7_75t_R)
     3    4.17   15.31   24.78 3145.53 v _31758_/Y (AND5x2_ASAP7_75t_R)
                                         _11761_ (net)
                 15.36    0.48 3146.01 v _31764_/A (XNOR2x1_ASAP7_75t_R)
    12   10.72   70.83   35.11 3181.12 ^ _31764_/Y (XNOR2x1_ASAP7_75t_R)
                                         _11767_ (net)
                 71.30    3.24 3184.37 ^ _31770_/C (NOR3x1_ASAP7_75t_R)
     1    0.59   22.96   22.31 3206.68 v _31770_/Y (NOR3x1_ASAP7_75t_R)
                                         _11773_ (net)
                 22.96    0.02 3206.70 v _31771_/A2 (OA211x2_ASAP7_75t_R)
     2    2.66   14.50   29.65 3236.35 v _31771_/Y (OA211x2_ASAP7_75t_R)
                                         _11774_ (net)
                 14.54    0.39 3236.74 v _31791_/A2 (AO211x2_ASAP7_75t_R)
     4    3.50   13.50   22.29 3259.04 v _31791_/Y (AO211x2_ASAP7_75t_R)
                                         _11794_ (net)
                 13.51    0.18 3259.22 v _31826_/A2 (AO221x1_ASAP7_75t_R)
     1    1.61   13.72   25.76 3284.98 v _31826_/Y (AO221x1_ASAP7_75t_R)
                                         _11825_ (net)
                 13.74    0.29 3285.27 v _31827_/B (OA211x2_ASAP7_75t_R)
     1    0.64   11.53   26.73 3312.00 v _31827_/Y (OA211x2_ASAP7_75t_R)
                                         _04990_ (net)
                 11.53    0.05 3312.04 v c_data[42]$_SDFFE_PN0P_/D (DFFHQNx1_ASAP7_75t_R)
                               3312.04   data arrival time

                       3500.00 3500.00   clock clk (rise edge)
                          0.00 3500.00   clock source latency
     1    8.09    0.00    0.00 3500.00 ^ clk (in)
                                         clk (net)
                  9.00    2.84 3502.84 ^ clkbuf_0_clk/A (BUFx16f_ASAP7_75t_R)
     2    7.15    7.83   14.80 3517.64 ^ clkbuf_0_clk/Y (BUFx16f_ASAP7_75t_R)
                                         clknet_0_clk (net)
                  8.44    1.10 3518.73 ^ clkbuf_1_1__f_clk/A (BUFx16f_ASAP7_75t_R)
     9   34.31   22.50   19.01 3537.74 ^ clkbuf_1_1__f_clk/Y (BUFx16f_ASAP7_75t_R)
                                         clknet_1_1__leaf_clk (net)
                 30.39    6.98 3544.72 ^ clkbuf_leaf_13_clk/A (BUFx24_ASAP7_75t_R)
    18   11.47   10.94   24.53 3569.25 ^ clkbuf_leaf_13_clk/Y (BUFx24_ASAP7_75t_R)
                                         clknet_leaf_13_clk (net)
                 11.29    0.80 3570.05 ^ c_data[42]$_SDFFE_PN0P_/CLK (DFFHQNx1_ASAP7_75t_R)
                       -175.00 3395.05   clock uncertainty
                          1.00 3396.05   clock reconvergence pessimism
                         -0.22 3395.82   library setup time
                               3395.82   data required time
-----------------------------------------------------------------------------
                               3395.82   data required time
                               -3312.04   data arrival time
-----------------------------------------------------------------------------
                                 83.78   slack (MET)



==========================================================================
finish report_check_types -max_slew -max_cap -max_fanout -violators
--------------------------------------------------------------------------
max slew

Pin                                    Limit    Slew   Slack
------------------------------------------------------------
_31064_/A1                            320.00  345.71  -25.71 (VIOLATED)
_31054_/A1                            320.00  345.58  -25.58 (VIOLATED)
_31058_/A1                            320.00  345.57  -25.57 (VIOLATED)
_31061_/A1                            320.00  345.54  -25.54 (VIOLATED)
_31051_/A1                            320.00  345.44  -25.44 (VIOLATED)
_31046_/A1                            320.00  345.02  -25.02 (VIOLATED)
_31043_/A1                            320.00  344.60  -24.60 (VIOLATED)
_31040_/A1                            320.00  343.78  -23.78 (VIOLATED)
_31033_/A1                            320.00  341.91  -21.91 (VIOLATED)
_31037_/A1                            320.00  341.16  -21.16 (VIOLATED)
_31030_/A1                            320.00  339.95  -19.95 (VIOLATED)
_31027_/A1                            320.00  339.66  -19.66 (VIOLATED)
_31067_/A1                            320.00  338.31  -18.31 (VIOLATED)
_31076_/A1                            320.00  338.11  -18.11 (VIOLATED)
_31073_/A1                            320.00  337.91  -17.91 (VIOLATED)
_31070_/A1                            320.00  337.83  -17.83 (VIOLATED)
_31079_/A1                            320.00  337.18  -17.18 (VIOLATED)
_31086_/A1                            320.00  337.04  -17.04 (VIOLATED)
_31020_/A1                            320.00  337.00  -17.00 (VIOLATED)
_31083_/A1                            320.00  335.90  -15.90 (VIOLATED)
_31024_/A1                            320.00  333.45  -13.45 (VIOLATED)
_31092_/A1                            320.00  332.45  -12.45 (VIOLATED)
_31017_/A1                            320.00  328.63   -8.63 (VIOLATED)
_31006_/A1                            320.00  325.35   -5.35 (VIOLATED)
_30993_/A1                            320.00  324.78   -4.78 (VIOLATED)
_31003_/A1                            320.00  323.79   -3.79 (VIOLATED)


==========================================================================
finish max_slew_check_slack
--------------------------------------------------------------------------
-25.711044311523438

==========================================================================
finish max_slew_check_limit
--------------------------------------------------------------------------
320.0

==========================================================================
finish max_slew_check_slack_limit
--------------------------------------------------------------------------
-0.0803

==========================================================================
finish max_fanout_check_slack
--------------------------------------------------------------------------
1.0000000150474662e+30

==========================================================================
finish max_fanout_check_limit
--------------------------------------------------------------------------
1.0000000150474662e+30

==========================================================================
finish max_capacitance_check_slack
--------------------------------------------------------------------------
4.553547382354736

==========================================================================
finish max_capacitance_check_limit
--------------------------------------------------------------------------
23.040000915527344

==========================================================================
finish max_capacitance_check_slack_limit
--------------------------------------------------------------------------
0.1976

==========================================================================
finish max_slew_violation_count
--------------------------------------------------------------------------
max slew violation count 26

==========================================================================
finish max_fanout_violation_count
--------------------------------------------------------------------------
max fanout violation count 0

==========================================================================
finish max_cap_violation_count
--------------------------------------------------------------------------
max cap violation count 0

==========================================================================
finish setup_violation_count
--------------------------------------------------------------------------
setup violation count 0

==========================================================================
finish hold_violation_count
--------------------------------------------------------------------------
hold violation count 0

==========================================================================
finish report_checks -path_delay max reg to reg
--------------------------------------------------------------------------
Startpoint: prod_reg[2][28]$_SDFFE_PN0P_
            (rising edge-triggered flip-flop clocked by clk)
Endpoint: c_data[42]$_SDFFE_PN0P_
          (rising edge-triggered flip-flop clocked by clk)
Path Group: clk
Path Type: max

  Delay    Time   Description
---------------------------------------------------------
   0.00    0.00   clock clk (rise edge)
   0.00    0.00   clock source latency
   0.00    0.00 ^ clk (in)
  18.63   18.63 ^ clkbuf_0_clk/Y (BUFx16f_ASAP7_75t_R)
  22.09   40.72 ^ clkbuf_1_0__f_clk/Y (BUFx16f_ASAP7_75t_R)
  33.88   74.60 ^ clkbuf_leaf_16_clk/Y (BUFx24_ASAP7_75t_R)
   3.04   77.64 ^ prod_reg[2][28]$_SDFFE_PN0P_/CLK (DFFHQNx1_ASAP7_75t_R)
  52.28  129.92 ^ prod_reg[2][28]$_SDFFE_PN0P_/QN (DFFHQNx1_ASAP7_75t_R)
  27.67  157.59 ^ _19140_/Y (AND4x1_ASAP7_75t_R)
  60.64  218.23 ^ _19141_/Y (AND5x1_ASAP7_75t_R)
  27.73  245.97 v _19921_/Y (NOR2x1_ASAP7_75t_R)
  12.46  258.42 ^ _29619_/Y (INVx1_ASAP7_75t_R)
  35.57  294.00 v _35028_/SN (HAxp5_ASAP7_75t_R)
  33.86  327.85 v _18850_/Y (OR4x1_ASAP7_75t_R)
  13.52  341.37 ^ _18866_/Y (NOR2x1_ASAP7_75t_R)
  31.96  373.33 ^ _18873_/Y (AND5x1_ASAP7_75t_R)
  25.79  399.12 ^ _18881_/Y (OA211x2_ASAP7_75t_R)
  49.36  448.48 v _18890_/Y (AOI211x1_ASAP7_75t_R)
  54.74  503.22 v place690/Y (BUFx3_ASAP7_75t_R)
  60.34  563.56 v _19246_/Y (OR5x1_ASAP7_75t_R)
  48.71  612.27 v _19255_/Y (AO22x2_ASAP7_75t_R)
  45.23  657.49 v _19803_/Y (OA211x2_ASAP7_75t_R)
  29.19  686.69 v _19847_/Y (AO21x1_ASAP7_75t_R)
  17.88  704.56 ^ _19870_/Y (AOI211x1_ASAP7_75t_R)
  32.43  737.00 ^ _20183_/Y (AND3x1_ASAP7_75t_R)
  31.86  768.86 ^ _32708_/Y (AND3x1_ASAP7_75t_R)
  12.74  781.60 v _32709_/Y (NAND3x1_ASAP7_75t_R)
  22.31  803.91 v _32762_/Y (OR2x2_ASAP7_75t_R)
  18.26  822.17 v _32765_/Y (OA31x2_ASAP7_75t_R)
  26.38  848.56 ^ _32766_/Y (XOR2x2_ASAP7_75t_R)
  56.13  904.69 v _34702_/SN (HAxp5_ASAP7_75t_R)
  24.83  929.52 v _18915_/Y (AO21x1_ASAP7_75t_R)
  21.62  951.15 v _18916_/Y (AO22x1_ASAP7_75t_R)
  27.31  978.46 v _18917_/Y (OR4x1_ASAP7_75t_R)
  19.49  997.95 v _18920_/Y (OA21x2_ASAP7_75t_R)
  24.29 1022.24 v _18923_/Y (OA211x2_ASAP7_75t_R)
  18.28 1040.52 v _18924_/Y (OA21x2_ASAP7_75t_R)
  27.58 1068.10 v _18925_/Y (OA21x2_ASAP7_75t_R)
  24.48 1092.58 ^ _20187_/Y (NAND2x1_ASAP7_75t_R)
  51.53 1144.11 ^ _20197_/Y (AO21x1_ASAP7_75t_R)
  32.40 1176.51 ^ _20198_/Y (AND3x1_ASAP7_75t_R)
  18.02 1194.53 ^ _20202_/Y (AND2x2_ASAP7_75t_R)
  21.85 1216.38 ^ _20203_/Y (AO21x1_ASAP7_75t_R)
  25.88 1242.26 v _34652_/CON (HAxp5_ASAP7_75t_R)
  24.90 1267.16 ^ _19939_/Y (INVx1_ASAP7_75t_R)
  24.38 1291.54 ^ _19940_/Y (AND3x1_ASAP7_75t_R)
  15.38 1306.92 ^ _20250_/Y (AND2x2_ASAP7_75t_R)
  21.93 1328.84 ^ _20251_/Y (OA211x2_ASAP7_75t_R)
  24.54 1353.38 ^ _23288_/Y (AO21x1_ASAP7_75t_R)
  24.18 1377.56 ^ _23290_/Y (AND3x1_ASAP7_75t_R)
  20.57 1398.13 v _34765_/CON (HAxp5_ASAP7_75t_R)
  16.88 1415.01 ^ _34765_/SN (HAxp5_ASAP7_75t_R)
  12.57 1427.58 v _28355_/Y (INVx1_ASAP7_75t_R)
  31.74 1459.32 v _34997_/SN (HAxp5_ASAP7_75t_R)
  34.00 1493.32 v _19967_/Y (OR5x1_ASAP7_75t_R)
  30.22 1523.55 v _19968_/Y (OR4x1_ASAP7_75t_R)
   7.00 1530.55 ^ _19969_/Y (OAI21x1_ASAP7_75t_R)
  16.96 1547.50 ^ _19970_/Y (AO21x1_ASAP7_75t_R)
  31.52 1579.02 v _19971_/Y (INVx1_ASAP7_75t_R)
  45.26 1624.28 v _23382_/Y (AND2x2_ASAP7_75t_R)
  41.92 1666.21 ^ _23463_/Y (AOI21x1_ASAP7_75t_R)
  31.54 1697.74 ^ _23575_/Y (OR5x1_ASAP7_75t_R)
  23.93 1721.67 ^ _23589_/Y (AND2x2_ASAP7_75t_R)
  34.10 1755.77 v _23590_/Y (INVx1_ASAP7_75t_R)
  28.74 1784.51 v _23661_/Y (AND2x2_ASAP7_75t_R)
  23.65 1808.16 v _23665_/Y (AO221x1_ASAP7_75t_R)
   9.43 1817.59 ^ _23666_/Y (INVx1_ASAP7_75t_R)
  31.52 1849.12 ^ _23667_/Y (AND3x1_ASAP7_75t_R)
  28.02 1877.13 ^ _33518_/Y (OA211x2_ASAP7_75t_R)
  16.90 1894.03 v _35092_/CON (HAxp5_ASAP7_75t_R)
  14.85 1908.88 ^ _24362_/Y (INVx1_ASAP7_75t_R)
  23.41 1932.29 v _34541_/CON (HAxp5_ASAP7_75t_R)
  27.57 1959.87 v _23959_/Y (AO21x1_ASAP7_75t_R)
  22.13 1981.99 v _24022_/Y (OR3x1_ASAP7_75t_R)
  33.52 2015.51 v _24023_/Y (OR5x1_ASAP7_75t_R)
  34.00 2049.51 v _24026_/Y (OR5x1_ASAP7_75t_R)
  50.70 2100.21 v _24027_/Y (OR5x1_ASAP7_75t_R)
  18.73 2118.93 ^ _24105_/Y (AOI21x1_ASAP7_75t_R)
  16.64 2135.58 ^ _24130_/Y (OR4x1_ASAP7_75t_R)
  19.25 2154.83 ^ _24323_/Y (AO21x1_ASAP7_75t_R)
  11.10 2165.92 v _25814_/Y (INVx1_ASAP7_75t_R)
  18.31 2184.24 v _28149_/Y (AO21x1_ASAP7_75t_R)
  22.87 2207.10 ^ _28150_/Y (AOI21x1_ASAP7_75t_R)
  22.48 2229.59 v _28426_/Y (INVx1_ASAP7_75t_R)
  19.95 2249.53 ^ _35120_/CON (HAxp5_ASAP7_75t_R)
  32.34 2281.87 v _24035_/Y (INVx1_ASAP7_75t_R)
  26.09 2307.96 v _24041_/Y (AND3x1_ASAP7_75t_R)
   9.39 2317.35 ^ _24056_/Y (OAI22x1_ASAP7_75t_R)
  25.24 2342.59 ^ _24097_/Y (AO21x1_ASAP7_75t_R)
  29.81 2372.40 ^ _24299_/Y (AND3x1_ASAP7_75t_R)
  41.68 2414.08 v _24303_/Y (AOI221x1_ASAP7_75t_R)
  27.59 2441.66 v _24387_/Y (AO21x1_ASAP7_75t_R)
  19.74 2461.40 v place607/Y (BUFx3_ASAP7_75t_R)
  39.70 2501.10 v _24531_/Y (AND2x2_ASAP7_75t_R)
  29.72 2530.82 ^ _24532_/Y (INVx2_ASAP7_75t_R)
  39.29 2570.11 v _34462_/CON (HAxp5_ASAP7_75t_R)
  49.30 2619.41 v _25462_/Y (OR5x1_ASAP7_75t_R)
  12.03 2631.43 ^ _32531_/Y (INVx1_ASAP7_75t_R)
  22.31 2653.74 v _34458_/SN (HAxp5_ASAP7_75t_R)
  27.31 2681.05 v _27154_/Y (OR4x1_ASAP7_75t_R)
  32.59 2713.64 v _27155_/Y (OR5x1_ASAP7_75t_R)
  26.69 2740.34 v _27156_/Y (OR4x1_ASAP7_75t_R)
   6.81 2747.14 ^ _27157_/Y (INVx1_ASAP7_75t_R)
  38.70 2785.84 ^ _27158_/Y (AND4x1_ASAP7_75t_R)
  35.07 2820.91 ^ _27169_/Y (AND3x1_ASAP7_75t_R)
  17.01 2837.92 v _27170_/Y (INVx1_ASAP7_75t_R)
  23.87 2861.78 v _27175_/Y (OR3x1_ASAP7_75t_R)
  31.35 2893.13 ^ _34794_/CON (HAxp5_ASAP7_75t_R)
  36.07 2929.20 ^ _33766_/Y (AO21x1_ASAP7_75t_R)
  17.39 2946.60 v _33808_/Y (INVx1_ASAP7_75t_R)
  30.81 2977.41 v _33834_/Y (OA211x2_ASAP7_75t_R)
  20.17 2997.58 v _33836_/Y (OR3x1_ASAP7_75t_R)
  28.74 3026.32 v _33839_/Y (AO222x2_ASAP7_75t_R)
  28.52 3054.84 v _33840_/Y (OR4x1_ASAP7_75t_R)
  20.97 3075.81 v _33880_/Y (OA21x2_ASAP7_75t_R)
  12.14 3087.95 ^ _34480_/CON (HAxp5_ASAP7_75t_R)
  12.65 3100.59 v _24554_/Y (INVx1_ASAP7_75t_R)
  19.83 3120.43 v _31723_/Y (AND3x1_ASAP7_75t_R)
  25.11 3145.53 v _31758_/Y (AND5x2_ASAP7_75t_R)
  35.59 3181.12 ^ _31764_/Y (XNOR2x1_ASAP7_75t_R)
  25.56 3206.68 v _31770_/Y (NOR3x1_ASAP7_75t_R)
  29.67 3236.35 v _31771_/Y (OA211x2_ASAP7_75t_R)
  22.68 3259.04 v _31791_/Y (AO211x2_ASAP7_75t_R)
  25.94 3284.98 v _31826_/Y (AO221x1_ASAP7_75t_R)
  27.02 3312.00 v _31827_/Y (OA211x2_ASAP7_75t_R)
   0.05 3312.04 v c_data[42]$_SDFFE_PN0P_/D (DFFHQNx1_ASAP7_75t_R)
        3312.04   data arrival time

3500.00 3500.00   clock clk (rise edge)
   0.00 3500.00   clock source latency
   0.00 3500.00 ^ clk (in)
  17.64 3517.64 ^ clkbuf_0_clk/Y (BUFx16f_ASAP7_75t_R)
  20.10 3537.74 ^ clkbuf_1_1__f_clk/Y (BUFx16f_ASAP7_75t_R)
  31.51 3569.25 ^ clkbuf_leaf_13_clk/Y (BUFx24_ASAP7_75t_R)
   0.80 3570.05 ^ c_data[42]$_SDFFE_PN0P_/CLK (DFFHQNx1_ASAP7_75t_R)
-175.00 3395.05   clock uncertainty
   1.00 3396.05   clock reconvergence pessimism
  -0.22 3395.82   library setup time
        3395.82   data required time
---------------------------------------------------------
        3395.82   data required time
        -3312.04   data arrival time
---------------------------------------------------------
          83.78   slack (MET)



==========================================================================
finish report_checks -path_delay min reg to reg
--------------------------------------------------------------------------
Startpoint: c_data[39]$_SDFFE_PN0P_
            (rising edge-triggered flip-flop clocked by clk)
Endpoint: c_data[39]$_SDFFE_PN0P_
          (rising edge-triggered flip-flop clocked by clk)
Path Group: clk
Path Type: min

  Delay    Time   Description
---------------------------------------------------------
   0.00    0.00   clock clk (rise edge)
   0.00    0.00   clock source latency
   0.00    0.00 ^ clk (in)
  17.64   17.64 ^ clkbuf_0_clk/Y (BUFx16f_ASAP7_75t_R)
  20.10   37.74 ^ clkbuf_1_1__f_clk/Y (BUFx16f_ASAP7_75t_R)
  31.51   69.25 ^ clkbuf_leaf_13_clk/Y (BUFx24_ASAP7_75t_R)
   1.02   70.27 ^ c_data[39]$_SDFFE_PN0P_/CLK (DFFHQNx1_ASAP7_75t_R)
  39.59  109.86 ^ c_data[39]$_SDFFE_PN0P_/QN (DFFHQNx1_ASAP7_75t_R)
   8.17  118.03 v _31877_/Y (OAI22x1_ASAP7_75t_R)
   0.05  118.08 v c_data[39]$_SDFFE_PN0P_/D (DFFHQNx1_ASAP7_75t_R)
         118.08   data arrival time

   0.00    0.00   clock clk (rise edge)
   0.00    0.00   clock source latency
   0.00    0.00 ^ clk (in)
  18.63   18.63 ^ clkbuf_0_clk/Y (BUFx16f_ASAP7_75t_R)
  22.08   40.71 ^ clkbuf_1_1__f_clk/Y (BUFx16f_ASAP7_75t_R)
  34.94   75.65 ^ clkbuf_leaf_13_clk/Y (BUFx24_ASAP7_75t_R)
   1.22   76.88 ^ c_data[39]$_SDFFE_PN0P_/CLK (DFFHQNx1_ASAP7_75t_R)
   5.00   81.88   clock uncertainty
  -6.60   75.27   clock reconvergence pessimism
  11.72   86.99   library hold time
          86.99   data required time
---------------------------------------------------------
          86.99   data required time
        -118.08   data arrival time
---------------------------------------------------------
          31.09   slack (MET)



==========================================================================
finish critical path target clock latency max path
--------------------------------------------------------------------------
66.9939

==========================================================================
finish critical path target clock latency min path
--------------------------------------------------------------------------
73.0295

==========================================================================
finish critical path source clock latency min path
--------------------------------------------------------------------------
0.0000

==========================================================================
finish critical path delay
--------------------------------------------------------------------------
3312.0442

==========================================================================
finish critical path slack
--------------------------------------------------------------------------
83.7808

==========================================================================
finish slack div critical path delay
--------------------------------------------------------------------------
2.529580

==========================================================================
finish report_power
--------------------------------------------------------------------------
Group                  Internal  Switching    Leakage      Total
                          Power      Power      Power      Power (Watts)
----------------------------------------------------------------
Sequential             2.09e-04   8.85e-05   5.15e-08   2.98e-04   1.2%
Combinational          1.04e-02   1.30e-02   1.21e-06   2.34e-02  98.0%
Clock                  1.08e-04   6.29e-05   1.37e-08   1.71e-04   0.7%
Macro                  0.00e+00   0.00e+00   0.00e+00   0.00e+00   0.0%
Pad                    0.00e+00   0.00e+00   0.00e+00   0.00e+00   0.0%
----------------------------------------------------------------
Total                  1.07e-02   1.32e-02   1.27e-06   2.39e-02 100.0%
                          44.8%      55.2%       0.0%
